<?xml version="1.0" encoding="UTF-8"?>
<testng-results ignored="0" total="1" passed="1" failed="0" skipped="0">
  <reporter-output>
  </reporter-output>
  <suite started-at="2021-08-13T16:44:18 EET" name="Default suite" finished-at="2021-08-13T16:44:48 EET" duration-ms="30167">
    <groups>
    </groups>
    <test started-at="2021-08-13T16:44:18 EET" name="Default test" finished-at="2021-08-13T16:44:48 EET" duration-ms="30167">
      <class name="appiumBasic.Run_Emaulator">
        <test-method signature="Open_Application()[pri:0, instance:appiumBasic.Run_Emaulator@5d0b0cb9]" started-at="2021-08-13T16:44:18 EET" name="Open_Application" finished-at="2021-08-13T16:44:48 EET" duration-ms="30027" status="PASS">
          <reporter-output>
          </reporter-output>
        </test-method> <!-- Open_Application -->
      </class> <!-- appiumBasic.Run_Emaulator -->
    </test> <!-- Default test -->
  </suite> <!-- Default suite -->
</testng-results>
